--------------- Build Started: 05/06/2022 20:02:12 Project: RC_Car_V2_FreeRTOS, Configuration: ARM GCC 5.4-2016-q2-update Debug ---------------
cydsfit.exe -.appdatapath "C:\Users\cayod\AppData\Local\Cypress Semiconductor\PSoC Creator\4.4" -.fdsnotice -.fdswarpdepfile=warp_dependencies.txt -.fdselabdepfile=elab_dependencies.txt -.fdsbldfile=generated_files.txt -.fdsreffile=referenced_files.txt -p C:\Users\cayod\OneDrive\Documents\Repos\RC_CAR_V2\code\RC_Car_V2_FreeRTOS.cydsn\RC_Car_V2_FreeRTOS.cyprj -d CY8C5888LTI-LP097 -s C:\Users\cayod\OneDrive\Documents\Repos\RC_CAR_V2\code\RC_Car_V2_FreeRTOS.cydsn\Generated_Source\PSoC5 -- -yv2 -q10 -ygs -o2 -v3 -.fftcfgtype=LE
Elaborating Design...
HDL Generation...
Synthesis...
ADD: fit.M0002: error: Syntax error at/before reserved symbol 'output'.
 * C:\Users\cayod\OneDrive\Documents\Repos\RC_CAR_V2\code\RC_Car_V2_FreeRTOS.cydsn\component01\component01.v (line 19)
ADD: fit.M0002: error: Syntax error at/before reserved symbol 'end'.
 * C:\Users\cayod\OneDrive\Documents\Repos\RC_CAR_V2\code\RC_Car_V2_FreeRTOS.cydsn\component01\component01.v (line 32)
ADD: fit.M0002: error: Expecting a constant expression in an if-generate condition. Only parameters, localparams and literals allowed in such an expression
 * C:\Users\cayod\OneDrive\Documents\Repos\RC_CAR_V2\code\RC_Car_V2_FreeRTOS.cydsn\component01\component01.v (line 43)
ADD: fit.M0002: error: syntax error
 * C:\Users\cayod\OneDrive\Documents\Repos\RC_CAR_V2\code\RC_Car_V2_FreeRTOS.cydsn\component01\component01.v (line 44)
ADD: fit.M0002: error: Expecting a constant expression in an if-generate condition. Only parameters, localparams and literals allowed in such an expression
 * C:\Users\cayod\OneDrive\Documents\Repos\RC_CAR_V2\code\RC_Car_V2_FreeRTOS.cydsn\component01\component01.v (line 45)
ADD: fit.M0002: error: syntax error
 * C:\Users\cayod\OneDrive\Documents\Repos\RC_CAR_V2\code\RC_Car_V2_FreeRTOS.cydsn\component01\component01.v (line 46)
ADD: fit.M0002: error: Undeclared name:  status_bus
 * C:\Program Files (x86)\Cypress\PSoC Creator\4.4\PSoC Creator\psoc\content\CyPrimitives\cyprimitives.cylib\CyStatusReg_v1_90\CyStatusReg_v1_90.v (line 44)
Dependency Generation...
Cleanup...
Error: fit.M0050: The fitter aborted due to errors, please address all errors and rebuild. (App=cydsfit)
--------------- Build Failed: 05/06/2022 20:02:15 ---------------
